#
# A fatal error has been detected by the Java Runtime Environment:
#
#  EXCEPTION_UNCAUGHT_CXX_EXCEPTION (0xe06d7363) at pc=0x00007ffd62b8fe4c, pid=8308, tid=12056
#
# JRE version: Java(TM) SE Runtime Environment (16.0.2+7) (build 16.0.2+7-67)
# Java VM: Java HotSpot(TM) 64-Bit Server VM (16.0.2+7-67, mixed mode, sharing, tiered, compressed oops, compressed class ptrs, g1 gc, windows-amd64)
# Problematic frame:
# C  [KERNELBASE.dll+0x5fe4c]
#
# No core dump will be written. Minidumps are not enabled by default on client versions of Windows
#
# If you would like to submit a bug report, please visit:
#   https://bugreport.java.com/bugreport/crash.jsp
# The crash happened outside the Java Virtual Machine in native code.
# See problematic frame for where to report the bug.
#

---------------  S U M M A R Y ------------

Command Line: -Dfile.encoding=UTF8 -ea -Xmx1024m 

Host: AMD Ryzen 5 5500U with Radeon Graphics         , 12 cores, 7G,  Windows 10 , 64 bit Build 22621 (10.0.22621.3958)
Time: Sun Oct 27 22:09:58 2024 Eastern Daylight Time elapsed time: 0.221280 seconds (0d 0h 0m 0s)

---------------  T H R E A D  ---------------

Current thread (0x00000226c57065b0):  JavaThread "main" [_thread_in_native, id=12056, stack(0x0000003018200000,0x00000030183f0000)]

Stack: [0x0000003018200000,0x00000030183f0000],  sp=0x00000030183e9c20,  free space=1959k
Native frames: (J=compiled Java code, j=interpreted, Vv=VM code, C=native code)
C  [KERNELBASE.dll+0x5fe4c]
C  [VCRUNTIME140.dll+0x6ba7]
C  [_jpype.cp312-win_amd64.pyd+0x3df55]
C  [_jpype.cp312-win_amd64.pyd+0x2c35b]
C  0x00000226cdd3dd22

Java frames: (J=compiled Java code, j=interpreted, Vv=VM code)
j  org.jpype.manager.TypeFactoryNative.newWrapper(JJ)V+0
j  org.jpype.JPypeContext.newWrapper(J)V+16
v  ~StubRoutines::call_stub
j  org.jpype.manager.TypeFactoryNative.newWrapper(JJ)V+0
j  org.jpype.JPypeContext.newWrapper(J)V+16
v  ~StubRoutines::call_stub

siginfo: EXCEPTION_UNCAUGHT_CXX_EXCEPTION (0xe06d7363), ExceptionInformation=0x0000000019930520 0x00000030183e9e30 0x00007ffd4d8490b0 0x00007ffd4d7e0000 


Register to memory mapping:

RIP=0x00007ffd62b8fe4c KERNELBASE.dll
RAX=0x00000030183e95a9 is pointing into the stack for thread: 0x00000226c57065b0
RBX=0x00007ffd4d8490b0 _jpype.cp312-win_amd64.pyd
RCX=0x00007ffd4d836dd0 _jpype.cp312-win_amd64.pyd
RDX=0x00007ffd4d836da8 _jpype.cp312-win_amd64.pyd
RSP=0x00000030183e9c20 is pointing into the stack for thread: 0x00000226c57065b0
RBP=0x00000030183e9e60 is pointing into the stack for thread: 0x00000226c57065b0
RSI=0x00000030183e9e30 is pointing into the stack for thread: 0x00000226c57065b0
RDI=0x0000000019930520 is an unknown value
R8 =0x0000022600000002 is an unknown value
R9 =0x00000226c5702840 points into unknown readable memory: 0x0000000000000008 | 08 00 00 00 00 00 00 00
R10=0x0 is NULL
R11=0x0 is NULL
R12=0x00000030183e9f50 is pointing into the stack for thread: 0x00000226c57065b0
R13=0x00000226e3008700 points into unknown readable memory: 0x00007ffd4d834d58 | 58 4d 83 4d fd 7f 00 00
R14=0x00000226c656bb00 points into unknown readable memory: 0x0000000000000001 | 01 00 00 00 00 00 00 00
R15=0x00000226c6584040 points into unknown readable memory: 0x0000000000000002 | 02 00 00 00 00 00 00 00


Registers:
RAX=0x00000030183e95a9, RBX=0x00007ffd4d8490b0, RCX=0x00007ffd4d836dd0, RDX=0x00007ffd4d836da8
RSP=0x00000030183e9c20, RBP=0x00000030183e9e60, RSI=0x00000030183e9e30, RDI=0x0000000019930520
R8 =0x0000022600000002, R9 =0x00000226c5702840, R10=0x0000000000000000, R11=0x0000000000000000
R12=0x00000030183e9f50, R13=0x00000226e3008700, R14=0x00000226c656bb00, R15=0x00000226c6584040
RIP=0x00007ffd62b8fe4c, EFLAGS=0x0000000000000202

Top of Stack: (sp=0x00000030183e9c20)
0x00000030183e9c20:   0000000000000000 00007ffd4d8490b0
0x00000030183e9c30:   00000030183e9e30 00000226c656bb00
0x00000030183e9c40:   00000081e06d7363 0000000000000000
0x00000030183e9c50:   00007ffd62b8fe4c 0000000000000004
0x00000030183e9c60:   0000000019930520 00000030183e9e30
0x00000030183e9c70:   00007ffd4d8490b0 00007ffd4d7e0000
0x00000030183e9c80:   0000022600000000 00000030183e0000
0x00000030183e9c90:   0000000000000000 00007ffd4d8490b0
0x00000030183e9ca0:   00000226c656bb00 00007ffd65406aaf
0x00000030183e9cb0:   00000030183e9d20 00007ffd4d850000
0x00000030183e9cc0:   00000030183e9e30 0000000019930520
0x00000030183e9cd0:   00007ffd4d850000 00007ffd4d7e0000
0x00000030183e9ce0:   00009e50df60dd86 00007ffd2a6168de
0x00000030183e9cf0:   00007ffd4d8490b0 00007ffd2a616ba7
0x00000030183e9d00:   00000030183e9ea8 0000000000000000
0x00000030183e9d10:   00000030183e9e60 00007ffd4d7f9071 

Instructions: (pc=0x00007ffd62b8fe4c)
0x00007ffd62b8fd4c:   ff 4c 8d 05 0c b3 2d 00 33 d2 b9 00 00 10 00 e8
0x00007ffd62b8fd5c:   a0 3e fe ff 4c 8b f0 48 89 44 24 58 48 85 c0 0f
0x00007ffd62b8fd6c:   84 0b fe ff ff 4c 8d 05 00 b3 2d 00 33 d2 8d 4a
0x00007ffd62b8fd7c:   02 e8 7e 3e fe ff 48 8b f8 48 89 44 24 50 e9 ed
0x00007ffd62b8fd8c:   fd ff ff 45 33 c0 49 8b d7 48 83 c9 ff e8 72 a6
0x00007ffd62b8fd9c:   01 00 e9 08 ff ff ff 48 8b 0d be 91 30 00 e8 f1
0x00007ffd62b8fdac:   c0 fd ff 48 8b cf e8 b9 94 fc ff e9 f8 fe ff ff
0x00007ffd62b8fdbc:   49 8b ce e8 ac 94 fc ff e9 f4 fe ff ff 48 8b ce
0x00007ffd62b8fdcc:   e8 9f 94 fc ff e9 f0 fe ff ff cc cc 71 18 d3 7a
0x00007ffd62b8fddc:   1a 87 89 f9 48 81 ec d8 00 00 00 48 8b 05 c2 61
0x00007ffd62b8fdec:   30 00 48 33 c4 48 89 84 24 c0 00 00 00 48 83 64
0x00007ffd62b8fdfc:   24 28 00 48 8d 05 da ff ff ff 83 e2 01 89 4c 24
0x00007ffd62b8fe0c:   20 89 54 24 24 48 89 44 24 30 4d 85 c9 74 4f b8
0x00007ffd62b8fe1c:   0f 00 00 00 48 8d 4c 24 40 44 3b c0 49 8b d1 41
0x00007ffd62b8fe2c:   0f 46 c0 44 8b c0 44 89 44 24 38 49 c1 e0 03 e8
0x00007ffd62b8fe3c:   97 c5 07 00 48 8d 4c 24 20 48 ff 15 a4 f0 20 00
0x00007ffd62b8fe4c:   0f 1f 44 00 00 48 8b 8c 24 c0 00 00 00 48 33 cc
0x00007ffd62b8fe5c:   e8 4f 09 05 00 48 81 c4 d8 00 00 00 c3 cc 83 64
0x00007ffd62b8fe6c:   24 38 00 eb cf cc cc cc cc cc cc cc 48 8b c4 48
0x00007ffd62b8fe7c:   89 58 08 48 89 70 10 48 89 78 18 4c 89 68 20 55
0x00007ffd62b8fe8c:   41 56 41 57 48 8d 68 a1 48 81 ec e0 00 00 00 48
0x00007ffd62b8fe9c:   8b 05 0e 61 30 00 48 33 c4 48 89 45 3f 45 33 ff
0x00007ffd62b8feac:   66 c7 45 2b 00 05 48 8d 45 c7 44 89 7d 27 48 89
0x00007ffd62b8febc:   44 24 50 48 8d 4d 27 44 89 7c 24 48 45 33 c9 44
0x00007ffd62b8fecc:   89 7c 24 40 45 8d 47 12 44 89 7c 24 38 b2 01 44
0x00007ffd62b8fedc:   89 7c 24 30 41 8b df 44 89 7c 24 28 41 8b ff 44
0x00007ffd62b8feec:   89 7c 24 20 45 8b f7 44 89 7d 2f 66 c7 45 33 00
0x00007ffd62b8fefc:   01 44 89 7d 37 66 c7 45 3b 00 10 4c 89 7d c7 4c
0x00007ffd62b8ff0c:   89 7d cf 4c 89 7d d7 4c 89 7d df 48 ff 15 f2 f0
0x00007ffd62b8ff1c:   20 00 0f 1f 44 00 00 85 c0 0f 88 a7 02 00 00 48
0x00007ffd62b8ff2c:   8d 45 cf 41 b9 20 02 00 00 48 89 44 24 50 45 8d
0x00007ffd62b8ff3c:   6f 02 44 89 7c 24 48 45 8d 47 20 44 89 7c 24 40 


Stack slot to memory mapping:
stack at sp + 0 slots: 0x0 is NULL
stack at sp + 1 slots: 0x00007ffd4d8490b0 _jpype.cp312-win_amd64.pyd
stack at sp + 2 slots: 0x00000030183e9e30 is pointing into the stack for thread: 0x00000226c57065b0
stack at sp + 3 slots: 0x00000226c656bb00 points into unknown readable memory: 0x0000000000000001 | 01 00 00 00 00 00 00 00
stack at sp + 4 slots: 0x00000081e06d7363 is an unknown value
stack at sp + 5 slots: 0x0 is NULL
stack at sp + 6 slots: 0x00007ffd62b8fe4c KERNELBASE.dll
stack at sp + 7 slots: 0x0000000000000004 is an unknown value


---------------  P R O C E S S  ---------------

Threads class SMR info:
_java_thread_list=0x00000226e305d0b0, length=13, elements={
0x00000226c57065b0, 0x00000226c5709030, 0x00000226c5708590, 0x00000226c5706b00,
0x00000226c5709580, 0x00000226c57075a0, 0x00000226c5707af0, 0x00000226e2ca9040,
0x00000226e2caa5c0, 0x00000226e2cab330, 0x00000226c5708ae0, 0x00000226e2dda950,
0x00000226e2dd8420
}

Java Threads: ( => current thread )
=>0x00000226c57065b0 JavaThread "main" [_thread_in_native, id=12056, stack(0x0000003018200000,0x00000030183f0000)]
  0x00000226c5709030 JavaThread "Reference Handler" daemon [_thread_blocked, id=13160, stack(0x0000003019750000,0x0000003019940000)]
  0x00000226c5708590 JavaThread "Finalizer" daemon [_thread_blocked, id=5220, stack(0x0000003019940000,0x0000003019b30000)]
  0x00000226c5706b00 JavaThread "Signal Dispatcher" daemon [_thread_blocked, id=6620, stack(0x0000003019b30000,0x0000003019d20000)]
  0x00000226c5709580 JavaThread "Attach Listener" daemon [_thread_blocked, id=15560, stack(0x0000003019d20000,0x0000003019f10000)]
  0x00000226c57075a0 JavaThread "Service Thread" daemon [_thread_blocked, id=20608, stack(0x0000003019f10000,0x000000301a100000)]
  0x00000226c5707af0 JavaThread "Monitor Deflation Thread" daemon [_thread_blocked, id=4584, stack(0x000000301a100000,0x000000301a2f0000)]
  0x00000226e2ca9040 JavaThread "C2 CompilerThread0" daemon [_thread_blocked, id=3332, stack(0x000000301a2f0000,0x000000301a4e0000)]
  0x00000226e2caa5c0 JavaThread "C1 CompilerThread0" daemon [_thread_blocked, id=21616, stack(0x000000301a4e0000,0x000000301a6d0000)]
  0x00000226e2cab330 JavaThread "Sweeper thread" daemon [_thread_blocked, id=20052, stack(0x000000301a6d0000,0x000000301a8c0000)]
  0x00000226c5708ae0 JavaThread "Notification Thread" daemon [_thread_blocked, id=11980, stack(0x000000301a8c0000,0x000000301aab0000)]
  0x00000226e2dda950 JavaThread "Common-Cleaner" daemon [_thread_blocked, id=15016, stack(0x000000301aca0000,0x000000301ae90000)]
  0x00000226e2dd8420 JavaThread "SIGINT handler" daemon [_thread_blocked, id=14856, stack(0x000000301b080000,0x000000301b270000)]

Other Threads:
  0x00000226c56bdd80 VMThread "VM Thread" [stack: 0x0000003019560000,0x0000003019750000] [id=3696] _threads_hazard_ptr=0x00000226e305d0b0
  0x00000226c5783e90 GCTaskThread "GC Thread#0" [stack: 0x0000003018bb0000,0x0000003018da0000] [id=12920]
  0x00000226c578f650 GCTaskThread "GC Thread#1" [stack: 0x000000301b460000,0x000000301b650000] [id=9304]
  0x00000226c5788810 GCTaskThread "GC Thread#2" [stack: 0x000000301b650000,0x000000301b840000] [id=18632]
  0x00000226c5787ee0 GCTaskThread "GC Thread#3" [stack: 0x000000301b840000,0x000000301ba30000] [id=13624]
  0x00000226c578f960 GCTaskThread "GC Thread#4" [stack: 0x000000301ba30000,0x000000301bc20000] [id=17812]
  0x00000226c55862c0 ConcurrentGCThread "G1 Main Marker" terminated
  0x00000226c5784de0 ConcurrentGCThread "G1 Conc#0" [stack: 0x0000003018f90000,0x0000003019180000] [id=25384]
  0x00000226c52433c0 ConcurrentGCThread "G1 Refine#0" terminated
  0x00000226c55fd050 ConcurrentGCThread "G1 Service" terminated

Threads with active compile tasks:

VM state: at safepoint (normal execution)

VM Mutex/Monitor currently owned by a thread:  ([mutex/lock_event])
[0x00000226c59e6600] Threads_lock - owner thread: 0x00000226c56bdd80
[0x00000226c59e6f90] Heap_lock - owner thread: 0x00000226e2dd8420

Heap address: 0x00000000c0000000, size: 1024 MB, Compressed Oops mode: 32-bit

CDS archive(s) mapped at: [0x0000000800000000-0x0000000800bb0000-0x0000000800bb0000), size 12255232, SharedBaseAddress: 0x0000000800000000, ArchiveRelocationMode: 0.
Compressed class space mapped at: 0x0000000800c00000-0x0000000840c00000, reserved size: 1073741824
Narrow klass base: 0x0000000800000000, Narrow klass shift: 3, Narrow klass range: 0x100000000

GC Precious Log:
 CPUs: 12 total, 12 available
 Memory: 7530M
 Large Page Support: Disabled
 NUMA Support: Disabled
 Compressed Oops: Enabled (32-bit)
 Heap Region Size: 1M
 Heap Min Capacity: 8M
 Heap Initial Capacity: 118M
 Heap Max Capacity: 1G
 Pre-touch: Disabled
 Parallel Workers: 10
 Concurrent Workers: 3
 Concurrent Refinement Workers: 10
 Periodic GC: Disabled

Heap:
 garbage-first heap   total 10240K, used 1679K [0x00000000c0000000, 0x0000000100000000)
  region size 1024K, 1 young (1024K), 0 survivors (0K)
 Metaspace       used 1654K, committed 1792K, reserved 1056768K
  class space    used 139K, committed 192K, reserved 1048576K

Heap Regions: E=young(eden), S=young(survivor), O=old, HS=humongous(starts), HC=humongous(continues), CS=collection set, F=free, OA=open archive, CA=closed archive, TAMS=top-at-mark-start (previous, next)
|   0|0x00000000c0000000, 0x00000000c005d908, 0x00000000c0100000| 36%| O|  |TAMS 0x00000000c0000000, 0x00000000c0000000| Untracked 
|   1|0x00000000c0100000, 0x00000000c01ff7d0, 0x00000000c0200000| 99%| O|  |TAMS 0x00000000c0100000, 0x00000000c0100000| Untracked 
|   2|0x00000000c0200000, 0x00000000c0246df8, 0x00000000c0300000| 27%| O|  |TAMS 0x00000000c0200000, 0x00000000c0200000| Untracked 
|   3|0x00000000c0300000, 0x00000000c0300000, 0x00000000c0400000|  0%| F|  |TAMS 0x00000000c0300000, 0x00000000c0300000| Untracked 
|   4|0x00000000c0400000, 0x00000000c0400000, 0x00000000c0500000|  0%| F|  |TAMS 0x00000000c0400000, 0x00000000c0400000| Untracked 
|   5|0x00000000c0500000, 0x00000000c0500000, 0x00000000c0600000|  0%| F|  |TAMS 0x00000000c0500000, 0x00000000c0500000| Untracked 
|   6|0x00000000c0600000, 0x00000000c0600000, 0x00000000c0700000|  0%| F|  |TAMS 0x00000000c0600000, 0x00000000c0600000| Untracked 
|   7|0x00000000c0700000, 0x00000000c0700000, 0x00000000c0800000|  0%| F|  |TAMS 0x00000000c0700000, 0x00000000c0700000| Untracked 
|   8|0x00000000c0800000, 0x00000000c0800000, 0x00000000c0900000|  0%| F|  |TAMS 0x00000000c0800000, 0x00000000c0800000| Untracked 
|   9|0x00000000c0900000, 0x00000000c091ebf0, 0x00000000c0a00000| 12%| E|  |TAMS 0x00000000c0900000, 0x00000000c0900000| Complete 

Card table byte_map: [0x00000226ddbc0000,0x00000226dddc0000] _byte_map_base: 0x00000226dd5c0000

Marking Bits (Prev, Next): (CMBitMap*) 0x00000226c5580150, (CMBitMap*) 0x00000226c5580110
 Prev Bits: [0x00000226defc0000, 0x00000226dffc0000)
 Next Bits: [0x00000226ddfc0000, 0x00000226defc0000)

Polling page: 0x00000226cdd10000

Metaspace:

Usage:
  Non-class:      1.48 MB used.
      Class:    139.03 KB used.
       Both:      1.62 MB used.

Virtual space:
  Non-class space:        8.00 MB reserved,       1.56 MB ( 20%) committed,  1 nodes.
      Class space:        1.00 GB reserved,     192.00 KB ( <1%) committed,  1 nodes.
              Both:        1.01 GB reserved,       1.75 MB ( <1%) committed. 

Chunk freelists:
   Non-Class:  3.83 MB
       Class:  3.72 MB
        Both:  7.55 MB

MaxMetaspaceSize: 17179869184.00 GB
CompressedClassSpaceSize: 1.00 GB
 - commit_granule_bytes: 65536.
 - commit_granule_words: 8192.
 - virtual_space_node_default_size: 1048576.
 - enlarge_chunks_in_place: 1.
 - new_chunks_are_fully_committed: 0.
 - uncommit_free_chunks: 1.
 - use_allocation_guard: 0.
 - handle_deallocations: 1.


Internal statistics:

num_allocs_failed_limit: 0.
num_arena_births: 38.
num_arena_deaths: 0.
num_vsnodes_births: 2.
num_vsnodes_deaths: 0.
num_space_committed: 28.
num_space_uncommitted: 0.
num_chunks_returned_to_freelist: 0.
num_chunks_taken_from_freelist: 55.
num_chunk_merges: 0.
num_chunk_splits: 34.
num_chunks_enlarged: 19.
num_purges: 0.

CodeHeap 'non-profiled nmethods': size=120000Kb used=154Kb max_used=154Kb free=119845Kb
 bounds [0x00000226d5800000, 0x00000226d5a70000, 0x00000226dcd30000]
CodeHeap 'profiled nmethods': size=120000Kb used=799Kb max_used=799Kb free=119200Kb
 bounds [0x00000226ce2d0000, 0x00000226ce540000, 0x00000226d5800000]
CodeHeap 'non-nmethods': size=5760Kb used=1126Kb max_used=1145Kb free=4633Kb
 bounds [0x00000226cdd30000, 0x00000226cdfa0000, 0x00000226ce2d0000]
 total_blobs=936 nmethods=533 adapters=316
 compilation: enabled
              stopped_count=0, restarted_count=0
 full_count=0

Compilation events (20 events):
Event: 0.187 Thread 0x00000226e2caa5c0 nmethod 518 0x00000226ce395b90 code [0x00000226ce395d40, 0x00000226ce395f18]
Event: 0.187 Thread 0x00000226e2caa5c0  519       3       java.util.stream.StreamOpFlag::fromCharacteristics (37 bytes)
Event: 0.187 Thread 0x00000226e2caa5c0 nmethod 519 0x00000226ce396010 code [0x00000226ce3961e0, 0x00000226ce396518]
Event: 0.187 Thread 0x00000226e2caa5c0  520       3       java.util.stream.ReferencePipeline$Head::<init> (8 bytes)
Event: 0.187 Thread 0x00000226e2caa5c0 nmethod 520 0x00000226ce396610 code [0x00000226ce3967c0, 0x00000226ce396948]
Event: 0.187 Thread 0x00000226e2caa5c0  521       3       java.util.stream.ReferencePipeline$3::<init> (20 bytes)
Event: 0.187 Thread 0x00000226e2caa5c0 nmethod 521 0x00000226ce396a10 code [0x00000226ce396be0, 0x00000226ce396ec8]
Event: 0.187 Thread 0x00000226e2caa5c0  528       3       java.lang.reflect.Field::<init> (50 bytes)
Event: 0.188 Thread 0x00000226e2caa5c0 nmethod 528 0x00000226ce397010 code [0x00000226ce3971c0, 0x00000226ce397578]
Event: 0.188 Thread 0x00000226e2caa5c0  514       3       java.lang.Class::getComponentType (14 bytes)
Event: 0.188 Thread 0x00000226e2caa5c0 nmethod 514 0x00000226ce397690 code [0x00000226ce397840, 0x00000226ce397a08]
Event: 0.200 Thread 0x00000226e2ca9040 nmethod 530 0x00000226d5824510 code [0x00000226d5824720, 0x00000226d5825b08]
Event: 0.200 Thread 0x00000226e2ca9040  532       4       java.util.HashMap::put (13 bytes)
Event: 0.201 Thread 0x00000226e2ca9040 nmethod 532 0x00000226d5826190 code [0x00000226d5826320, 0x00000226d5826448]
Event: 0.201 Thread 0x00000226e2ca9040  516       4       java.lang.String::checkBoundsBeginEnd (63 bytes)
Event: 0.201 Thread 0x00000226e2ca9040 nmethod 516 0x00000226d5826590 code [0x00000226d5826720, 0x00000226d58267d8]
Event: 0.201 Thread 0x00000226e2ca9040  529       4       java.util.HashMap::afterNodeInsertion (1 bytes)
Event: 0.201 Thread 0x00000226e2ca9040 nmethod 529 0x00000226d5826890 code [0x00000226d5826a00, 0x00000226d5826a78]
Event: 0.207 Thread 0x00000226e2caa5c0  533       3       java.util.HashMap$HashIterator::hasNext (13 bytes)
Event: 0.207 Thread 0x00000226e2caa5c0 nmethod 533 0x00000226ce397a90 code [0x00000226ce397c20, 0x00000226ce397d98]

GC Heap History (2 events):
Event: 0.180 GC heap before
{Heap before GC invocations=0 (full 0):
 garbage-first heap   total 120832K, used 5120K [0x00000000c0000000, 0x0000000100000000)
  region size 1024K, 6 young (6144K), 0 survivors (0K)
 Metaspace       used 1652K, committed 1792K, reserved 1056768K
  class space    used 138K, committed 192K, reserved 1048576K
}
Event: 0.187 GC heap after
{Heap after GC invocations=1 (full 1):
 garbage-first heap   total 10240K, used 1679K [0x00000000c0000000, 0x0000000100000000)
  region size 1024K, 0 young (0K), 0 survivors (0K)
 Metaspace       used 1652K, committed 1792K, reserved 1056768K
  class space    used 138K, committed 192K, reserved 1048576K
}

Deoptimization events (20 events):
Event: 0.124 Thread 0x00000226c57065b0 DEOPT PACKING pc=0x00000226ce2d5ad1 sp=0x00000030183eabd0
Event: 0.124 Thread 0x00000226c57065b0 DEOPT UNPACKING pc=0x00000226cdd7dece sp=0x00000030183ea048 mode 0
Event: 0.125 Thread 0x00000226c57065b0 DEOPT PACKING pc=0x00000226ce2d5ad1 sp=0x00000030183ead70
Event: 0.125 Thread 0x00000226c57065b0 DEOPT UNPACKING pc=0x00000226cdd7dece sp=0x00000030183ea1e8 mode 0
Event: 0.179 Thread 0x00000226c57065b0 Uncommon trap: trap_request=0xffffffbe fr.pc=0x00000226d58238f4 relative=0x0000000000000734
Event: 0.179 Thread 0x00000226c57065b0 Uncommon trap: reason=profile_predicate action=maybe_recompile pc=0x00000226d58238f4 method=java.lang.PublicMethods$MethodList.filter([Ljava/lang/reflect/Method;Ljava/lang/String;[Ljava/lang/Class;Z)Ljava/lang/PublicMethods$MethodList; @ 21 c2
Event: 0.179 Thread 0x00000226c57065b0 DEOPT PACKING pc=0x00000226d58238f4 sp=0x00000030183e84b0
Event: 0.179 Thread 0x00000226c57065b0 DEOPT UNPACKING pc=0x00000226cdd7d72e sp=0x00000030183e8468 mode 2
Event: 0.179 Thread 0x00000226c57065b0 Uncommon trap: trap_request=0xffffffbe fr.pc=0x00000226d58238f4 relative=0x0000000000000734
Event: 0.179 Thread 0x00000226c57065b0 Uncommon trap: reason=profile_predicate action=maybe_recompile pc=0x00000226d58238f4 method=java.lang.PublicMethods$MethodList.filter([Ljava/lang/reflect/Method;Ljava/lang/String;[Ljava/lang/Class;Z)Ljava/lang/PublicMethods$MethodList; @ 21 c2
Event: 0.179 Thread 0x00000226c57065b0 DEOPT PACKING pc=0x00000226d58238f4 sp=0x00000030183e84b0
Event: 0.179 Thread 0x00000226c57065b0 DEOPT UNPACKING pc=0x00000226cdd7d72e sp=0x00000030183e8468 mode 2
Event: 0.179 Thread 0x00000226c57065b0 Uncommon trap: trap_request=0xffffffbe fr.pc=0x00000226d58238f4 relative=0x0000000000000734
Event: 0.179 Thread 0x00000226c57065b0 Uncommon trap: reason=profile_predicate action=maybe_recompile pc=0x00000226d58238f4 method=java.lang.PublicMethods$MethodList.filter([Ljava/lang/reflect/Method;Ljava/lang/String;[Ljava/lang/Class;Z)Ljava/lang/PublicMethods$MethodList; @ 21 c2
Event: 0.179 Thread 0x00000226c57065b0 DEOPT PACKING pc=0x00000226d58238f4 sp=0x00000030183e84b0
Event: 0.179 Thread 0x00000226c57065b0 DEOPT UNPACKING pc=0x00000226cdd7d72e sp=0x00000030183e8468 mode 2
Event: 0.179 Thread 0x00000226c57065b0 Uncommon trap: trap_request=0xffffffbe fr.pc=0x00000226d58238f4 relative=0x0000000000000734
Event: 0.179 Thread 0x00000226c57065b0 Uncommon trap: reason=profile_predicate action=maybe_recompile pc=0x00000226d58238f4 method=java.lang.PublicMethods$MethodList.filter([Ljava/lang/reflect/Method;Ljava/lang/String;[Ljava/lang/Class;Z)Ljava/lang/PublicMethods$MethodList; @ 21 c2
Event: 0.179 Thread 0x00000226c57065b0 DEOPT PACKING pc=0x00000226d58238f4 sp=0x00000030183e8400
Event: 0.179 Thread 0x00000226c57065b0 DEOPT UNPACKING pc=0x00000226cdd7d72e sp=0x00000030183e83b8 mode 2

Classes unloaded (0 events):
No events

Classes redefined (0 events):
No events

Internal exceptions (11 events):
Event: 0.064 Thread 0x00000226c57065b0 Exception <a 'java/lang/NoClassDefFoundError'{0x00000000c74cb9b0}: org/jpype/classloader/DynamicClassLoader> (0x00000000c74cb9b0) 
thrown [t:\workspace\open\src\hotspot\share\classfile\systemDictionary.cpp, line 245]
Event: 0.098 Thread 0x00000226c57065b0 Exception <a 'java/lang/NoSuchMethodError'{0x00000000c73720a0}: 'int java.lang.invoke.DirectMethodHandle$Holder.invokeStaticInit(java.lang.Object, java.lang.Object)'> (0x00000000c73720a0) 
thrown [t:\workspace\open\src\hotspot\share\interpreter\linkResolver.cpp, line 790]
Event: 0.099 Thread 0x00000226c57065b0 Exception <a 'java/lang/NoSuchMethodError'{0x00000000c73791b8}: 'java.lang.Object java.lang.invoke.DirectMethodHandle$Holder.invokeStaticInit(java.lang.Object, int)'> (0x00000000c73791b8) 
thrown [t:\workspace\open\src\hotspot\share\interpreter\linkResolver.cpp, line 790]
Event: 0.101 Thread 0x00000226c57065b0 Exception <a 'java/lang/NoSuchMethodError'{0x00000000c7384a20}: 'int java.lang.invoke.DirectMethodHandle$Holder.invokeSpecial(java.lang.Object, java.lang.Object, java.lang.Object)'> (0x00000000c7384a20) 
thrown [t:\workspace\open\src\hotspot\share\interpreter\linkResolver.cpp, line 790]
Event: 0.104 Thread 0x00000226c57065b0 Exception <a 'java/lang/NoSuchMethodError'{0x00000000c739bd48}: 'java.lang.Object java.lang.invoke.DirectMethodHandle$Holder.invokeStatic(java.lang.Object, java.lang.Object, int)'> (0x00000000c739bd48) 
thrown [t:\workspace\open\src\hotspot\share\interpreter\linkResolver.cpp, line 790]
Event: 0.105 Thread 0x00000226c57065b0 Exception <a 'java/lang/NoSuchMethodError'{0x00000000c73a7d40}: 'void java.lang.invoke.DelegatingMethodHandle$Holder.delegate(java.lang.Object, java.lang.Object, int, java.lang.Object)'> (0x00000000c73a7d40) 
thrown [t:\workspace\open\src\hotspot\share\interpreter\linkResolver.cpp, line 790]
Event: 0.110 Thread 0x00000226c57065b0 Exception <a 'java/lang/NoSuchMethodError'{0x00000000c73d0ec0}: 'java.lang.Object java.lang.invoke.Invokers$Holder.invokeExact_MT(java.lang.Object, java.lang.Object, java.lang.Object)'> (0x00000000c73d0ec0) 
thrown [t:\workspace\open\src\hotspot\share\interpreter\linkResolver.cpp, line 790]
Event: 0.120 Thread 0x00000226c57065b0 Exception <a 'sun/nio/fs/WindowsException'{0x00000000c722e068}> (0x00000000c722e068) 
thrown [t:\workspace\open\src\hotspot\share\prims\jni.cpp, line 579]
Event: 0.120 Thread 0x00000226c57065b0 Exception <a 'sun/nio/fs/WindowsException'{0x00000000c722ea30}> (0x00000000c722ea30) 
thrown [t:\workspace\open\src\hotspot\share\prims\jni.cpp, line 579]
Event: 0.138 Thread 0x00000226c57065b0 Exception <a 'java/lang/NoSuchMethodError'{0x00000000c72b7048}: 'java.lang.Object java.lang.invoke.DirectMethodHandle$Holder.invokeInterface(java.lang.Object, java.lang.Object)'> (0x00000000c72b7048) 
thrown [t:\workspace\open\src\hotspot\share\interpreter\linkResolver.cpp, line 790]
Event: 0.138 Thread 0x00000226c57065b0 Exception <a 'java/lang/IncompatibleClassChangeError'{0x00000000c72ba838}: Found class java.lang.Object, but interface was expected> (0x00000000c72ba838) 
thrown [t:\workspace\open\src\hotspot\share\interpreter\linkResolver.cpp, line 857]

Events (20 events):
Event: 0.154 loading class jdk/internal/reflect/BootstrapConstructorAccessorImpl done
Event: 0.157 loading class java/lang/Deprecated
Event: 0.157 loading class java/lang/Deprecated done
Event: 0.157 loading class java/lang/annotation/Documented
Event: 0.157 loading class java/lang/annotation/Documented done
Event: 0.167 loading class jdk/internal/module/IllegalAccessLogger
Event: 0.167 loading class jdk/internal/module/IllegalAccessLogger done
Event: 0.172 loading class jdk/internal/misc/Signal$1
Event: 0.172 loading class jdk/internal/misc/Signal$1 done
Event: 0.172 Thread 0x00000226e2dd8420 Thread added: 0x00000226e2dd8420
Event: 0.172 Thread 0x00000226e2ddee60 Thread added: 0x00000226e2ddee60
Event: 0.172 loading class java/lang/Byte$ByteCache
Event: 0.172 loading class java/lang/Byte$ByteCache done
Event: 0.180 Executing  VM operation: G1CollectFull
Event: 0.187 Executing  VM operation: G1CollectFull done
Event: 0.189 Executing  VM operation: ThreadDump
Event: 0.190 Executing  VM operation: ThreadDump done
Event: 0.207 Thread 0x00000226e2ddd920 Thread exited: 0x00000226e2ddd920
Event: 0.207 Thread 0x00000226e2ddee60 Thread exited: 0x00000226e2ddee60
Event: 0.208 Executing  VM operation: Exit


Dynamic libraries:
0x00007ff66cc70000 - 0x00007ff66cc8a000 	C:\Users\12679\AppData\Local\Programs\Python\Python312\python.exe
0x00007ffd65390000 - 0x00007ffd655a7000 	C:\WINDOWS\SYSTEM32\ntdll.dll
0x00007ffd636c0000 - 0x00007ffd63784000 	C:\WINDOWS\System32\KERNEL32.DLL
0x00007ffd62b30000 - 0x00007ffd62ee7000 	C:\WINDOWS\System32\KERNELBASE.dll
0x00007ffd626a0000 - 0x00007ffd627b1000 	C:\WINDOWS\System32\ucrtbase.dll
0x00007ffcf93f0000 - 0x00007ffcf9aab000 	C:\Users\12679\AppData\Local\Programs\Python\Python312\python312.dll
0x00007ffd2a610000 - 0x00007ffd2a62d000 	C:\Users\12679\AppData\Local\Programs\Python\Python312\VCRUNTIME140.dll
0x00007ffd63480000 - 0x00007ffd634f1000 	C:\WINDOWS\System32\WS2_32.dll
0x00007ffd59440000 - 0x00007ffd5944a000 	C:\WINDOWS\SYSTEM32\VERSION.dll
0x00007ffd63330000 - 0x00007ffd63444000 	C:\WINDOWS\System32\RPCRT4.dll
0x00007ffd64220000 - 0x00007ffd642c7000 	C:\WINDOWS\System32\msvcrt.dll
0x00007ffd62ef0000 - 0x00007ffd62f18000 	C:\WINDOWS\System32\bcrypt.dll
0x00007ffd63500000 - 0x00007ffd635b2000 	C:\WINDOWS\System32\ADVAPI32.dll
0x00007ffd63610000 - 0x00007ffd636b8000 	C:\WINDOWS\System32\sechost.dll
0x00007ffd62f20000 - 0x00007ffd62f9b000 	C:\WINDOWS\System32\bcryptprimitives.dll
0x00000226c2290000 - 0x00000226c229f000 	C:\Users\12679\AppData\Local\Programs\Python\Python312\python3.DLL
0x00007ffd29fc0000 - 0x00007ffd29fd6000 	C:\Users\12679\AppData\Local\Programs\Python\Python312\DLLs\_socket.pyd
0x00007ffd611b0000 - 0x00007ffd611dd000 	C:\WINDOWS\SYSTEM32\IPHLPAPI.DLL
0x00007ffd3e070000 - 0x00007ffd3e079000 	C:\Users\12679\AppData\Local\Programs\Python\Python312\DLLs\select.pyd
0x00007ffd29f90000 - 0x00007ffd29fbd000 	C:\Users\12679\AppData\Local\Programs\Python\Python312\DLLs\_ssl.pyd
0x00007ffd629c0000 - 0x00007ffd62b26000 	C:\WINDOWS\System32\CRYPT32.dll
0x00007ffd29ec0000 - 0x00007ffd29f83000 	C:\Users\12679\AppData\Local\Programs\Python\Python312\DLLs\libssl-3.dll
0x00007ffcf8ef0000 - 0x00007ffcf93e1000 	C:\Users\12679\AppData\Local\Programs\Python\Python312\DLLs\libcrypto-3.dll
0x00007ffd63a40000 - 0x00007ffd63bef000 	C:\WINDOWS\System32\USER32.dll
0x00007ffd628d0000 - 0x00007ffd628f6000 	C:\WINDOWS\System32\win32u.dll
0x00007ffd63450000 - 0x00007ffd63479000 	C:\WINDOWS\System32\GDI32.dll
0x00007ffd62fa0000 - 0x00007ffd630b8000 	C:\WINDOWS\System32\gdi32full.dll
0x00007ffd627c0000 - 0x00007ffd6285a000 	C:\WINDOWS\System32\msvcp_win.dll
0x00007ffd632f0000 - 0x00007ffd63321000 	C:\WINDOWS\System32\IMM32.DLL
0x00007ffd29ea0000 - 0x00007ffd29eb2000 	C:\Users\12679\AppData\Local\Programs\Python\Python312\DLLs\_asyncio.pyd
0x00007ffd3dc00000 - 0x00007ffd3dc0e000 	C:\Users\12679\AppData\Local\Programs\Python\Python312\DLLs\_overlapped.pyd
0x00007ffd61c50000 - 0x00007ffd61cb9000 	C:\WINDOWS\system32\mswsock.dll
0x00007ffd2a5f0000 - 0x00007ffd2a605000 	C:\Users\12679\AppData\Local\Programs\Python\Python312\DLLs\_bz2.pyd
0x00007ffd2a030000 - 0x00007ffd2a059000 	C:\Users\12679\AppData\Local\Programs\Python\Python312\DLLs\_lzma.pyd
0x00007ffd3fbf0000 - 0x00007ffd3fbf9000 	C:\Users\12679\AppData\Local\Programs\Python\Python312\DLLs\_queue.pyd
0x00007ffd29e80000 - 0x00007ffd29e91000 	C:\Users\12679\AppData\Local\Programs\Python\Python312\DLLs\_hashlib.pyd
0x00007ffd2a5d0000 - 0x00007ffd2a5f0000 	C:\Users\12679\AppData\Local\Programs\Python\Python312\DLLs\_ctypes.pyd
0x00007ffd630c0000 - 0x00007ffd63265000 	C:\WINDOWS\System32\ole32.dll
0x00007ffd41be0000 - 0x00007ffd41beb000 	C:\Users\12679\AppData\Local\Programs\Python\Python312\DLLs\libffi-8.dll
0x00007ffd64fc0000 - 0x00007ffd6534e000 	C:\WINDOWS\System32\combase.dll
0x00007ffd642d0000 - 0x00007ffd643a7000 	C:\WINDOWS\System32\OLEAUT32.dll
0x00007ffd4d860000 - 0x00007ffd4d89f000 	C:\Users\12679\AppData\Local\Programs\Python\Python312\DLLs\_decimal.pyd
0x00007ffd1e2a0000 - 0x00007ffd1e3b7000 	C:\Users\12679\AppData\Local\Programs\Python\Python312\DLLs\unicodedata.pyd
0x00007ffd41ae0000 - 0x00007ffd41ae7000 	C:\Users\12679\AppData\Local\Programs\Python\Python312\DLLs\_uuid.pyd
0x00007ffd56c30000 - 0x00007ffd56c3d000 	C:\Users\12679\AppData\Local\Programs\Python\Python312\DLLs\_zoneinfo.pyd
0x00007ffd1d260000 - 0x00007ffd1d4b7000 	C:\Users\12679\Documents\git\korean-dictionary-2.0\venv\Lib\site-packages\psycopg2\_psycopg.cp312-win_amd64.pyd
0x00007ffd615c0000 - 0x00007ffd615cc000 	C:\WINDOWS\SYSTEM32\Secur32.dll
0x00007ffd52f20000 - 0x00007ffd52f27000 	C:\WINDOWS\SYSTEM32\SHFOLDER.dll
0x00007ffd644b0000 - 0x00007ffd64d19000 	C:\WINDOWS\System32\SHELL32.dll
0x00007ffd61a40000 - 0x00007ffd61a83000 	C:\WINDOWS\SYSTEM32\SSPICLI.DLL
0x00007ffd42070000 - 0x00007ffd4207a000 	C:\Users\12679\AppData\Local\Programs\Python\Python312\DLLs\_wmi.pyd
0x00007ffd5fff0000 - 0x00007ffd600f1000 	C:\WINDOWS\SYSTEM32\PROPSYS.dll
0x00007ffd617e0000 - 0x00007ffd617f8000 	C:\WINDOWS\SYSTEM32\kernel.appcore.dll
0x00007ffd0b800000 - 0x00007ffd0ba45000 	C:\Users\12679\Documents\git\korean-dictionary-2.0\venv\Lib\site-packages\PIL\_imaging.cp312-win_amd64.pyd
0x00007ffd4d7e0000 - 0x00007ffd4d856000 	C:\Users\12679\Documents\git\korean-dictionary-2.0\venv\Lib\site-packages\_jpype.cp312-win_amd64.pyd
0x00007ffd4ffd0000 - 0x00007ffd4ffdc000 	C:\Users\12679\AppData\Local\Programs\Python\Python312\VCRUNTIME140_1.dll
0x00007ffd4dd80000 - 0x00007ffd4de0d000 	C:\WINDOWS\SYSTEM32\MSVCP140.dll
0x00007ffcf4c20000 - 0x00007ffcf57cb000 	C:\Program Files\Java\jdk-16.0.2\bin\server\jvm.dll
0x00007ffd63790000 - 0x00007ffd63798000 	C:\WINDOWS\System32\PSAPI.DLL
0x00007ffd5f540000 - 0x00007ffd5f574000 	C:\WINDOWS\SYSTEM32\WINMM.dll
0x00007ffd468d0000 - 0x00007ffd468d9000 	C:\WINDOWS\SYSTEM32\WSOCK32.dll
0x00007ffd4fab0000 - 0x00007ffd4faba000 	C:\Program Files\Java\jdk-16.0.2\bin\jimage.dll
0x00007ffd5fc60000 - 0x00007ffd5fe92000 	C:\WINDOWS\SYSTEM32\DBGHELP.DLL
0x00007ffd5f500000 - 0x00007ffd5f532000 	C:\WINDOWS\SYSTEM32\dbgcore.DLL
0x00007ffd4d7b0000 - 0x00007ffd4d7d5000 	C:\Program Files\Java\jdk-16.0.2\bin\java.dll
0x00007ffd605e0000 - 0x00007ffd60edf000 	C:\WINDOWS\SYSTEM32\windows.storage.dll
0x00007ffd604a0000 - 0x00007ffd605df000 	C:\WINDOWS\SYSTEM32\wintypes.dll
0x00007ffd64120000 - 0x00007ffd64219000 	C:\WINDOWS\System32\SHCORE.dll
0x00007ffd64440000 - 0x00007ffd6449e000 	C:\WINDOWS\System32\shlwapi.dll
0x00007ffd625d0000 - 0x00007ffd625f7000 	C:\WINDOWS\SYSTEM32\profapi.dll
0x00007ffd4d790000 - 0x00007ffd4d7a9000 	C:\Program Files\Java\jdk-16.0.2\bin\net.dll
0x00007ffd5e550000 - 0x00007ffd5e686000 	C:\WINDOWS\SYSTEM32\WINHTTP.dll
0x00007ffd4d770000 - 0x00007ffd4d783000 	C:\Program Files\Java\jdk-16.0.2\bin\nio.dll
0x00007ffd4d750000 - 0x00007ffd4d768000 	C:\Program Files\Java\jdk-16.0.2\bin\zip.dll

dbghelp: loaded successfully - version: 4.0.5 - missing functions: none
symbol engine: initialized successfully - sym options: 0x614 - pdb path: .;C:\Users\12679\AppData\Local\Programs\Python\Python312;C:\WINDOWS\SYSTEM32;C:\Users\12679\AppData\Local\Programs\Python\Python312\DLLs;C:\Users\12679\Documents\git\korean-dictionary-2.0\venv\Lib\site-packages\psycopg2;C:\Users\12679\Documents\git\korean-dictionary-2.0\venv\Lib\site-packages\PIL;C:\Users\12679\Documents\git\korean-dictionary-2.0\venv\Lib\site-packages;C:\Program Files\Java\jdk-16.0.2\bin\server;C:\Program Files\Java\jdk-16.0.2\bin

VM Arguments:
jvm_args: -Dfile.encoding=UTF8 -ea -Xmx1024m 
java_command: <unknown>
java_class_path (initial): C:\Users\12679\Documents\git\korean-dictionary-2.0\venv\Lib\site-packages\konlpy\java;C:\Users\12679\Documents\git\korean-dictionary-2.0\venv\Lib\site-packages\konlpy\java\bin;C:\Users\12679\Documents\git\korean-dictionary-2.0\venv\Lib\site-packages\konlpy\java\aho-corasick.jar;C:\Users\12679\Documents\git\korean-dictionary-2.0\venv\Lib\site-packages\konlpy\java\jhannanum-0.8.4.jar;C:\Users\12679\Documents\git\korean-dictionary-2.0\venv\Lib\site-packages\konlpy\java\kkma-2.0.jar;C:\Users\12679\Documents\git\korean-dictionary-2.0\venv\Lib\site-packages\konlpy\java\komoran-3.0.jar;C:\Users\12679\Documents\git\korean-dictionary-2.0\venv\Lib\site-packages\konlpy\java\open-korean-text-2.1.0.jar;C:\Users\12679\Documents\git\korean-dictionary-2.0\venv\Lib\site-packages\konlpy\java\scala-library-2.12.3.jar;C:\Users\12679\Documents\git\korean-dictionary-2.0\venv\Lib\site-packages\konlpy\java\shineware-common-1.0.jar;C:\Users\12679\Documents\git\korean-dictionary-2.0\venv\Lib\site-packages\konlpy\java\shineware-ds-1.0.jar;C:\Users\12679\Documents\git\korean-dictionary-2.0\venv\Lib\site-packages\konlpy\java\snakeyaml-1.12.jar;C:\Users\12679\Documents\git\korean-dictionary-2.0\venv\Lib\site-packages\konlpy\java\twitter-text-1.14.7.jar;C:\Users\12679\Documents\git\korean-dictionary-2.0\venv\Lib\site-packages\konlpy\java\jhannanum-0.8.4.jar;C:\Users\12679\Documents\git\korean-dictionary-2.0\venv\Lib\site-packages\konlpy\java\kkma-2.0.jar;C:\Users\12679\Documents\git\korean-dictionary-2.0\venv\Lib\site-packages\konlpy\java\aho-corasick.jar;C:\Users\12679\Documents\git\korean-dictionary-2.0\venv\Lib\site-packages\konlpy\java\shineware-common-1.0.jar;C:\Users\12679\Documents\git\korean-dictionary-2.0\venv\Lib\site-packages\konlpy\java\shineware-ds-1.0.jar;C:\Users\12679\Documents\git\korean-dictionary-2.0\venv\Lib\site-packages\konlpy\java\komoran-3.0.jar;C:\Users\12679\Documents\git\korean-dictionary-2.0\venv\Lib\site-packages\konlpy\java\snakeyaml-1.12
Launcher Type: generic

[Global flags]
     intx CICompilerCount                          = 4                                         {product} {ergonomic}
     uint ConcGCThreads                            = 3                                         {product} {ergonomic}
     uint G1ConcRefinementThreads                  = 10                                        {product} {ergonomic}
   size_t G1HeapRegionSize                         = 1048576                                   {product} {ergonomic}
    uintx GCDrainStackTargetSize                   = 64                                        {product} {ergonomic}
   size_t InitialHeapSize                          = 123731968                                 {product} {ergonomic}
   size_t MarkStackSize                            = 4194304                                   {product} {ergonomic}
   size_t MaxHeapSize                              = 1073741824                                {product} {command line}
   size_t MaxNewSize                               = 643825664                                 {product} {ergonomic}
   size_t MinHeapDeltaBytes                        = 1048576                                   {product} {ergonomic}
   size_t MinHeapSize                              = 8388608                                   {product} {ergonomic}
    uintx NonNMethodCodeHeapSize                   = 5839372                                {pd product} {ergonomic}
    uintx NonProfiledCodeHeapSize                  = 122909434                              {pd product} {ergonomic}
    uintx ProfiledCodeHeapSize                     = 122909434                              {pd product} {ergonomic}
    uintx ReservedCodeCacheSize                    = 251658240                              {pd product} {ergonomic}
     bool SegmentedCodeCache                       = true                                      {product} {ergonomic}
   size_t SoftMaxHeapSize                          = 1073741824                             {manageable} {ergonomic}
     bool UseCompressedClassPointers               = true                           {product lp64_product} {ergonomic}
     bool UseCompressedOops                        = true                           {product lp64_product} {ergonomic}
     bool UseG1GC                                  = true                                      {product} {ergonomic}
     bool UseLargePagesIndividualAllocation        = false                                  {pd product} {ergonomic}

Logging:
Log output configuration:
 #0: stdout all=warning uptime,level,tags
 #1: stderr all=off uptime,level,tags

Environment Variables:
JAVA_HOME=C:\Program Files\Java\jdk-16.0.2
PATH=C:\Users\12679\Documents\git\korean-dictionary-2.0\venv\Scripts;c:\Users\12679\.vscode\extensions\ms-python.python-2024.16.1-win32-x64\python_files\deactivate\powershell;C:\Users\12679\Documents\git\korean-dictionary-2.0\venv\Scripts;c:\Users\12679\.vscode\extensions\ms-python.python-2024.16.1-win32-x64\python_files\deactivate\powershell;C:\Users\12679\Documents\git\korean-dictionary-2.0\venv\Scripts;C:\Program Files\Eclipse Adoptium\jdk-8.0.382.5-hotspot\bin;C:\Users\12679\AppData\Local\Programs\Python\Python312\Scripts\;C:\Users\12679\AppData\Local\Programs\Python\Python312\;C:\Program Files (x86)\NVIDIA Corporation\PhysX\Common;C:\Program Files\Common Files\Oracle\Java\javapath;C:\WINDOWS\system32;C:\WINDOWS;C:\WINDOWS\System32\Wbem;C:\WINDOWS\System32\WindowsPowerShell\v1.0\;C:\WINDOWS\System32\OpenSSH\;C:\ProgramData\chocolatey\bin;C:\Program Files (x86)\PharosSystems\Core;c:\Program Files\PuTTY\;C:\WINDOWS\system32;C:\WINDOWS;C:\WINDOWS\System32\Wbem;C:\WINDOWS\System32\WindowsPowerShell\v1.0\;C:\WINDOWS\System32\OpenSSH\;C:\msys64\mingw64\bin;C:\Program Files\apache-maven-3.9.4\bin;C:\Program Files\Git\cmd;C:\Program Files\Java\jdk-16.0.2\bin;C:\Program Files\Vim\vim91;C:\Program Files\PostgreSQL\16\bin;C:\Program Files\nodejs\;C:\Users\12679\AppData\Local\Programs\Python\Python312\Scripts\;C:\Users\12679\AppData\Local\Programs\Python\Python312\;C:\Users\12679\AppData\Local\GitHubDesktop\bin;C:\Users\12679\AppData\Local\Programs\Microsoft VS Code\bin;;C:\ghcup\bin;C:\Users\12679\AppData\Roaming\npm
USERNAME=12679
LANG=en_US.UTF-8
OS=Windows_NT
PROCESSOR_IDENTIFIER=AMD64 Family 23 Model 104 Stepping 1, AuthenticAMD



---------------  S Y S T E M  ---------------

OS:
 Windows 10 , 64 bit Build 22621 (10.0.22621.3958)
OS uptime: 16 days 12:49 hours
Hyper-V role detected

CPU: total 12 (initial active 12) (12 cores per cpu, 2 threads per core) family 23 model 104 stepping 1 microcode 0x0, cx8, cmov, fxsr, ht, mmx, 3dnowpref, sse, sse2, sse3, ssse3, sse4a, sse4.1, sse4.2, popcnt, lzcnt, tsc, tscinvbit, avx, avx2, aes, clmul, bmi1, bmi2, adx, sha, fma, vzeroupper, clflush, clflushopt, hv

Memory: 4k page, system-wide physical 7530M (1938M free)
TotalPageFile size 16992M (AvailPageFile size 3199M)
current process WorkingSet (physical memory assigned to process): 85M, peak: 91M
current process commit charge ("private bytes"): 139M, peak: 256M

vm_info: Java HotSpot(TM) 64-Bit Server VM (16.0.2+7-67) for windows-amd64 JRE (16.0.2+7-67), built on Jun  8 2021 23:24:19 by "mach5one" with MS VC++ 16.7 (VS2019)

END.
